2025-02-08 11:18:29,806 - INFO - AsyncTkThread initialized
2025-02-08 11:18:29,856 - INFO - ChatMonitorClient initialized with server: http://localhost:8000
2025-02-08 11:18:29,856 - ERROR - Error loading scammer info: [Errno 2] No such file or directory: 'config.json'
2025-02-08 11:18:30,030 - ERROR - Error loading scammer info: [Errno 2] No such file or directory: 'config.json'
2025-02-08 11:18:30,049 - INFO - Chat display updated
2025-02-08 11:18:30,049 - INFO - AsyncTkThread initialized
2025-02-08 11:18:30,050 - INFO - ChatWindow initialized for scammer
2025-02-08 11:18:30,058 - INFO - Chat display updated
2025-02-08 11:18:30,058 - INFO - AsyncTkThread initialized
2025-02-08 11:18:30,058 - INFO - ChatWindow initialized for victim
2025-02-08 11:18:30,065 - INFO - MessengerChat initialized with sliding window size: 1
2025-02-08 11:18:30,065 - INFO - Starting application
2025-02-08 11:18:31,050 - INFO - Chat display updated
2025-02-08 11:18:31,058 - INFO - Chat display updated
2025-02-08 11:18:32,051 - INFO - Chat display updated
2025-02-08 11:18:32,059 - INFO - Chat display updated
2025-02-08 11:18:32,484 - INFO - Analyzing window of 1 messages
2025-02-08 11:18:32,499 - ERROR - Request error: All connection attempts failed
2025-02-08 11:18:33,052 - INFO - Chat display updated
2025-02-08 11:18:33,059 - INFO - Chat display updated
2025-02-08 11:18:34,053 - INFO - Chat display updated
2025-02-08 11:18:34,060 - INFO - Chat display updated
2025-02-08 11:18:35,055 - INFO - Chat display updated
2025-02-08 11:18:35,062 - INFO - Chat display updated
2025-02-08 11:18:36,057 - INFO - Chat display updated
2025-02-08 11:18:36,063 - INFO - Chat display updated
2025-02-08 11:18:37,058 - INFO - Chat display updated
2025-02-08 11:18:37,066 - INFO - Chat display updated
2025-02-08 11:18:37,657 - INFO - Analyzing window of 1 messages
2025-02-08 11:18:37,659 - ERROR - Request error: All connection attempts failed
2025-02-08 11:18:38,059 - INFO - Chat display updated
2025-02-08 11:18:38,067 - INFO - Chat display updated
2025-02-08 11:18:39,061 - INFO - Chat display updated
2025-02-08 11:18:39,067 - INFO - Chat display updated
2025-02-08 11:18:40,085 - INFO - Chat display updated
2025-02-08 11:18:40,085 - INFO - Chat display updated
2025-02-08 11:18:41,090 - INFO - Chat display updated
2025-02-08 11:18:41,090 - INFO - Chat display updated
2025-02-08 11:18:41,532 - INFO - Stopping application
2025-02-08 11:18:41,533 - INFO - AsyncTkThread stopped
2025-02-08 11:18:41,545 - INFO - Application stopped
